<?xml version="1.0" encoding="UTF-8"?>
<testng-results ignored="0" total="1" passed="1" failed="0" skipped="0">
  <reporter-output>
  </reporter-output>
  <suite started-at="2024-12-19T18:42:03 IST" name="Default suite" finished-at="2024-12-19T18:42:07 IST" duration-ms="4417">
    <groups>
    </groups>
    <test started-at="2024-12-19T18:42:03 IST" name="Default test" finished-at="2024-12-19T18:42:07 IST" duration-ms="4417">
      <class name="TestScript.ManageNewsTest">
        <test-method is-config="true" signature="initializeBrowser()[pri:0, instance:TestScript.ManageNewsTest@27f981c6]" started-at="2024-12-19T18:42:03 IST" name="initializeBrowser" finished-at="2024-12-19T18:42:06 IST" duration-ms="2541" status="PASS">
          <reporter-output>
          </reporter-output>
        </test-method> <!-- initializeBrowser -->
        <test-method signature="verifyTheUserIsAbleToLoginUsingValidCredentials()[pri:0, instance:TestScript.ManageNewsTest@27f981c6]" started-at="2024-12-19T18:42:06 IST" name="verifyTheUserIsAbleToLoginUsingValidCredentials" finished-at="2024-12-19T18:42:07 IST" duration-ms="1829" status="PASS">
          <reporter-output>
          </reporter-output>
        </test-method> <!-- verifyTheUserIsAbleToLoginUsingValidCredentials -->
        <test-method is-config="true" signature="driverQuitandClose()[pri:0, instance:TestScript.ManageNewsTest@27f981c6]" started-at="2024-12-19T18:42:07 IST" name="driverQuitandClose" finished-at="2024-12-19T18:42:07 IST" duration-ms="0" status="PASS">
          <reporter-output>
          </reporter-output>
        </test-method> <!-- driverQuitandClose -->
      </class> <!-- TestScript.ManageNewsTest -->
    </test> <!-- Default test -->
  </suite> <!-- Default suite -->
</testng-results>
